<?xml version="1.0" encoding="UTF-8"?>
<!-- Generated by org.testng.reporters.JUnitXMLReporter -->
<testsuite ignored="0" hostname="LAPTOP-9B55JM43" failures="0" tests="4" name="Default test" time="4.013" errors="0" timestamp="2021-12-28T15:25:52 IST">
  <testcase classname="org.login.ScreeshotExampleshere" name="driverlaunch" time="0.77"/>
  <testcase classname="org.login.ScreeshotExampleshere" name="driverlaunchpart2" time="0.558"/>
  <testcase classname="org.login.ScreeshotExampleshere" name="failmethodshow" time="0.406"/>
  <testcase classname="org.login.ScreeshotExampleshere" name="failmethodshow" time="0.419"/>
</testsuite> <!-- Default test -->
