<?xml version="1.0" encoding="UTF-8"?>
<!-- Generated by org.testng.reporters.JUnitXMLReporter -->
<testsuite ignored="0" hostname="LAPTOP-9B55JM43" failures="0" tests="4" name="Test" time="4.87" errors="0" timestamp="2021-12-28T15:28:59 IST">
  <testcase classname="org.login.ScreeshotExampleshere" name="driverlaunch" time="0.948"/>
  <testcase classname="org.login.ScreeshotExampleshere" name="driverlaunchpart2" time="0.692"/>
  <testcase classname="org.login.ScreeshotExampleshere" name="failmethodshow" time="0.613"/>
  <testcase classname="org.login.ScreeshotExampleshere" name="failmethodshow" time="0.504"/>
</testsuite> <!-- Test -->
