<?xml version="1.0" encoding="UTF-8"?>
<testng-results ignored="0" total="4" passed="4" failed="0" skipped="0">
  <reporter-output>
  </reporter-output>
  <suite started-at="2021-12-28T15:28:54 IST" name="Suite" finished-at="2021-12-28T15:28:59 IST" duration-ms="4870">
    <groups>
    </groups>
    <test started-at="2021-12-28T15:28:54 IST" name="Test" finished-at="2021-12-28T15:28:59 IST" duration-ms="4870">
      <class name="org.login.ScreeshotExampleshere">
        <test-method is-config="true" signature="launchurl()[pri:0, instance:org.login.ScreeshotExampleshere@342c38f8]" started-at="2021-12-28T15:28:47 IST" name="launchurl" finished-at="2021-12-28T15:28:54 IST" duration-ms="6714" status="PASS">
          <reporter-output>
          </reporter-output>
        </test-method> <!-- launchurl -->
        <test-method is-config="true" signature="clickc()[pri:0, instance:org.login.ScreeshotExampleshere@342c38f8]" started-at="2021-12-28T15:28:54 IST" name="clickc" finished-at="2021-12-28T15:28:54 IST" duration-ms="216" status="PASS">
          <reporter-output>
          </reporter-output>
        </test-method> <!-- clickc -->
        <test-method signature="driverlaunch()[pri:0, instance:org.login.ScreeshotExampleshere@342c38f8]" started-at="2021-12-28T15:28:54 IST" name="driverlaunch" finished-at="2021-12-28T15:28:55 IST" duration-ms="948" status="PASS">
          <reporter-output>
          </reporter-output>
        </test-method> <!-- driverlaunch -->
        <test-method is-config="true" signature="naviagteem()[pri:0, instance:org.login.ScreeshotExampleshere@342c38f8]" started-at="2021-12-28T15:28:55 IST" name="naviagteem" finished-at="2021-12-28T15:28:55 IST" duration-ms="326" status="PASS">
          <reporter-output>
          </reporter-output>
        </test-method> <!-- naviagteem -->
        <test-method is-config="true" signature="clickc()[pri:0, instance:org.login.ScreeshotExampleshere@342c38f8]" started-at="2021-12-28T15:28:55 IST" name="clickc" finished-at="2021-12-28T15:28:55 IST" duration-ms="203" status="PASS">
          <reporter-output>
          </reporter-output>
        </test-method> <!-- clickc -->
        <test-method signature="driverlaunchpart2()[pri:0, instance:org.login.ScreeshotExampleshere@342c38f8]" started-at="2021-12-28T15:28:55 IST" name="driverlaunchpart2" finished-at="2021-12-28T15:28:56 IST" duration-ms="692" status="PASS">
          <reporter-output>
          </reporter-output>
        </test-method> <!-- driverlaunchpart2 -->
        <test-method is-config="true" signature="naviagteem()[pri:0, instance:org.login.ScreeshotExampleshere@342c38f8]" started-at="2021-12-28T15:28:56 IST" name="naviagteem" finished-at="2021-12-28T15:28:56 IST" duration-ms="302" status="PASS">
          <reporter-output>
          </reporter-output>
        </test-method> <!-- naviagteem -->
        <test-method is-config="true" signature="clickc()[pri:0, instance:org.login.ScreeshotExampleshere@342c38f8]" started-at="2021-12-28T15:28:56 IST" name="clickc" finished-at="2021-12-28T15:28:57 IST" duration-ms="205" status="PASS">
          <reporter-output>
          </reporter-output>
        </test-method> <!-- clickc -->
        <test-method signature="failmethodshow()[pri:0, instance:org.login.ScreeshotExampleshere@342c38f8]" started-at="2021-12-28T15:28:57 IST" name="failmethodshow" finished-at="2021-12-28T15:28:57 IST" duration-ms="613" status="PASS">
          <reporter-output>
          </reporter-output>
        </test-method> <!-- failmethodshow -->
        <test-method is-config="true" signature="naviagteem()[pri:0, instance:org.login.ScreeshotExampleshere@342c38f8]" started-at="2021-12-28T15:28:57 IST" name="naviagteem" finished-at="2021-12-28T15:28:58 IST" duration-ms="318" status="PASS">
          <reporter-output>
          </reporter-output>
        </test-method> <!-- naviagteem -->
        <test-method is-config="true" signature="clickc()[pri:0, instance:org.login.ScreeshotExampleshere@342c38f8]" started-at="2021-12-28T15:28:58 IST" name="clickc" finished-at="2021-12-28T15:28:58 IST" duration-ms="209" status="PASS">
          <reporter-output>
          </reporter-output>
        </test-method> <!-- clickc -->
        <test-method signature="failmethodshow()[pri:0, instance:org.login.ScreeshotExampleshere@342c38f8]" started-at="2021-12-28T15:28:58 IST" name="failmethodshow" finished-at="2021-12-28T15:28:58 IST" duration-ms="504" status="PASS">
          <reporter-output>
          </reporter-output>
        </test-method> <!-- failmethodshow -->
        <test-method is-config="true" signature="naviagteem()[pri:0, instance:org.login.ScreeshotExampleshere@342c38f8]" started-at="2021-12-28T15:28:58 IST" name="naviagteem" finished-at="2021-12-28T15:28:59 IST" duration-ms="263" status="PASS">
          <reporter-output>
          </reporter-output>
        </test-method> <!-- naviagteem -->
      </class> <!-- org.login.ScreeshotExampleshere -->
    </test> <!-- Test -->
  </suite> <!-- Suite -->
</testng-results>
